----
Assert() checks:       OFF
        verbose:        1
----
Loading reference graph... Added reverse complement... done in 0.002552s.
Loading queries... done in 0.013035s.
Contructing trie... done in 0.009831s.
Initializing A* heuristic... done in 1.2e-05s.

 == General parameters and optimizations == 
             Alignment algo: astar-seeds
                 Edit costs: 0, 1, 1, 1 (match, subst, ins, del)
              Greedy match?: true
                    Threads: 1

 == A* parameters ==
          seed length: 10 bp
     skip near crumbs: 1

 == Data ==
         Original reference: 18926 nodes, 18926 edges
                       Trie: 5396 nodes, 43260 edges, depth=7
  Reference+ReverseRef+Trie: 43248 nodes, 81112 edges, density: 0
                      Reads: 10000 x 99bp, coverage: 52.30899x
            Avg phred value: 0.00000%

 == Aligning statistics ==
        Explored rate (avg): 2.61289 states/read_bp
         States with crumbs: 0.10517%
            Explored states: 0.01381%
             Skipped states: 99.88103%
     Pushed rate (avg, max): 1.67597, 0.00596    [states/bp] (states normalized by query length)
     Popped rate (avg, max): 0.24958, 0.00103
             Average popped: 17.85840 from trie (71.55410%) vs 7.09950 from ref (per read)
Total cost of aligned reads: 20421, 2.04210 per read, 2.06273% per letter
                 Alignments: 10000 unique (100.00000%), 0 ambiguous (0.00000%) and 0 overcost (0.00000%)

 == Heuristic stats (astar-seeds) ==
        For all reads:
                            Seeds: 100000 (10.00000 per read)
                     Seed matches: 87678 (8.76780 per read, 0.87678 per seed)
               States with crumbs: 19705039 [+0.00000% repeated], (1970.50390 per read)
                  Heuristic (avg): 1.58970 of potential 10.00000

 == Performance ==
    Memory:                    measured | estimated
                   total: 0.02331gb, 100% | -
               reference: 0.00341gb, 14.61299% | 2.41956%
                   reads: 0.00291gb, 12.48568% | 3.95515%
                    trie: 0.00256gb, 10.99656% | 2.16017%
     equiv. classes opt.: 0.00000gb, 0.00000%
          A*-memoization: 0.01334gb, 57.24104

   Total wall runtime:    4.59996s
       reference loading: 0.00255s
         queries loading: 0.01303s
          construct trie: 0.00983s
              precompute: 0.00001s
       align (wall time): 4.57282s = 2186.83518 reads/s = 216.49668 Kbp/s

    Total align cpu time: 4.57262s = 2186.92812 reads/s = 216.50588 Kbp/s
     |          Preprocessing: 55.81113%
     |               A* query: 14.83310%
     |           greedy_match: 4.41361%
     |                  other: 24.94216%
 DONE

