----
Assert() checks:       OFF
        verbose:        1
----
Loading reference graph... Added reverse complement... done in 0.196062s.
Loading queries... done in 0.01283s.
Contructing trie... done in 0.953661s.
Initializing A* heuristic... done in 2.2e-05s.

 == General parameters and optimizations == 
             Alignment algo: astar-seeds
                 Edit costs: 0, 1, 1, 1 (match, subst, ins, del)
              Greedy match?: true
                    Threads: 1

 == A* parameters ==
          seed length: 10 bp
     skip near crumbs: 1

 == Data ==
         Original reference: 762652 nodes, 780561 edges
                       Trie: 336125 nodes, 2387323 edges, depth=10
  Reference+ReverseRef+Trie: 1861429 nodes, 3948445 edges, density: 0
                      Reads: 10000 x 99bp, coverage: 1.26832x
            Avg phred value: 0.00000%

 == Aligning statistics ==
        Explored rate (avg): 9.00836 states/read_bp
         States with crumbs: 0.03671%
            Explored states: 0.00118%
             Skipped states: 99.96211%
     Pushed rate (avg, max): 8.04775, 0.01715    [states/bp] (states normalized by query length)
     Popped rate (avg, max): 1.45557, 0.00360
             Average popped: 134.16010 from trie (92.16996%) vs 11.39720 from ref (per read)
Total cost of aligned reads: 20641, 2.06410 per read, 2.08495% per letter
                 Alignments: 10000 unique (100.00000%), 0 ambiguous (0.00000%) and 0 overcost (0.00000%)

 == Heuristic stats (astar-seeds) ==
        For all reads:
                            Seeds: 100000 (10.00000 per read)
                     Seed matches: 546174 (54.61740 per read, 5.46174 per seed)
               States with crumbs: 277186251 [+0.00000% repeated], (27718.62510 per read)
                  Heuristic (avg): 0.27610 of potential 10.00000

 == Performance ==
    Memory:                    measured | estimated
                   total: 0.13036gb, 100% | -
               reference: 0.06415gb, 49.20993% | 17.74201%
                   reads: 0.00000gb, 0.00000% | 0.70726%
                    trie: 0.05959gb, 45.71312% | 21.42669%
     equiv. classes opt.: 0.00000gb, 0.00000%
          A*-memoization: 0.00554gb, 4.24592

   Total wall runtime:    46.42663s
       reference loading: 0.19606s
         queries loading: 0.01283s
          construct trie: 0.95366s
              precompute: 0.00002s
       align (wall time): 45.24919s = 220.99842 reads/s = 21.87884 Kbp/s

    Total align cpu time: 45.23819s = 221.05219 reads/s = 21.88417 Kbp/s
     |          Preprocessing: 77.49728%
     |               A* query: 10.30261%
     |           greedy_match: 1.40684%
     |                  other: 10.79328%
 DONE

