# vertices: 283936, # edges: 283935
Number of sequences: 10000.
Loaded sequence batch successfully in 0.00586987s.
Sequence length: 100, alignment cost:40, forward num cells:23100599, reverse num cells: 22482695
Sequence length: 100, alignment cost:39, forward num cells:21937773, reverse num cells: 22153599
Sequence length: 100, alignment cost:37, forward num cells:21789972, reverse num cells: 21683244
Sequence length: 100, alignment cost:41, forward num cells:24335539, reverse num cells: 24348426
Sequence length: 100, alignment cost:40, forward num cells:23158519, reverse num cells: 23111818
Sequence length: 100, alignment cost:39, forward num cells:22818707, reverse num cells: 23294259
Sequence length: 100, alignment cost:41, forward num cells:23504757, reverse num cells: 23894127
Sequence length: 100, alignment cost:39, forward num cells:23031059, reverse num cells: 22665413
Sequence length: 100, alignment cost:41, forward num cells:23877385, reverse num cells: 23886762
Sequence length: 100, alignment cost:41, forward num cells:24053373, reverse num cells: 23309317
Sequence length: 100, alignment cost:41, forward num cells:23698589, reverse num cells: 23512979
Sequence length: 100, alignment cost:39, forward num cells:22378629, reverse num cells: 22609641
Sequence length: 100, alignment cost:39, forward num cells:23067444, reverse num cells: 22998313
Sequence length: 100, alignment cost:41, forward num cells:24124019, reverse num cells: 24110195
Sequence length: 100, alignment cost:41, forward num cells:24019778, reverse num cells: 23759999
Sequence length: 100, alignment cost:40, forward num cells:23205103, reverse num cells: 23702837
Sequence length: 100, alignment cost:42, forward num cells:24232064, reverse num cells: 23991586
Sequence length: 100, alignment cost:40, forward num cells:23296160, reverse num cells: 23142606
Sequence length: 100, alignment cost:40, forward num cells:23085959, reverse num cells: 23106017
Sequence length: 100, alignment cost:41, forward num cells:23567241, reverse num cells: 23394475
Sequence length: 100, alignment cost:41, forward num cells:24423309, reverse num cells: 23917203
Sequence length: 100, alignment cost:39, forward num cells:22899259, reverse num cells: 22688684
Sequence length: 100, alignment cost:40, forward num cells:23115955, reverse num cells: 23258320
Sequence length: 100, alignment cost:40, forward num cells:24029366, reverse num cells: 23686567
Sequence length: 100, alignment cost:38, forward num cells:22164559, reverse num cells: 22477662
Sequence length: 100, alignment cost:40, forward num cells:21950907, reverse num cells: 22078101
Sequence length: 100, alignment cost:40, forward num cells:23568824, reverse num cells: 24101414
Sequence length: 100, alignment cost:41, forward num cells:23389839, reverse num cells: 23397728
Sequence length: 100, alignment cost:40, forward num cells:21864847, reverse num cells: 22080375
Sequence length: 100, alignment cost:40, forward num cells:22818743, reverse num cells: 23210751
Sequence length: 100, alignment cost:39, forward num cells:22002674, reverse num cells: 22654992
Sequence length: 100, alignment cost:39, forward num cells:22848174, reverse num cells: 23175364
Sequence length: 100, alignment cost:41, forward num cells:24098496, reverse num cells: 24026094
Sequence length: 100, alignment cost:42, forward num cells:24623388, reverse num cells: 24586134
Sequence length: 100, alignment cost:37, forward num cells:20940910, reverse num cells: 20761868
Sequence length: 100, alignment cost:41, forward num cells:23707741, reverse num cells: 23545893
Sequence length: 100, alignment cost:41, forward num cells:24344006, reverse num cells: 24145271
Sequence length: 100, alignment cost:39, forward num cells:22688824, reverse num cells: 22411966
Sequence length: 100, alignment cost:40, forward num cells:22710254, reverse num cells: 22423849
Sequence length: 100, alignment cost:40, forward num cells:23675304, reverse num cells: 23509845
Sequence length: 100, alignment cost:39, forward num cells:22579481, reverse num cells: 22763994
Sequence length: 100, alignment cost:43, forward num cells:24125375, reverse num cells: 24275678
Sequence length: 100, alignment cost:40, forward num cells:23806454, reverse num cells: 24122397
Sequence length: 100, alignment cost:38, forward num cells:23230137, reverse num cells: 22629194
Sequence length: 100, alignment cost:40, forward num cells:22708389, reverse num cells: 22814777
Sequence length: 100, alignment cost:39, forward num cells:22190889, reverse num cells: 22428237
Sequence length: 100, alignment cost:40, forward num cells:23158927, reverse num cells: 22885377
Sequence length: 100, alignment cost:42, forward num cells:24446102, reverse num cells: 24251132
Sequence length: 100, alignment cost:38, forward num cells:22184281, reverse num cells: 21940540
Sequence length: 100, alignment cost:39, forward num cells:23362031, reverse num cells: 23391023
Sequence length: 100, alignment cost:41, forward num cells:23959664, reverse num cells: 23773081
Sequence length: 100, alignment cost:40, forward num cells:23567126, reverse num cells: 23570307
Sequence length: 100, alignment cost:41, forward num cells:24294866, reverse num cells: 24263718
Sequence length: 100, alignment cost:42, forward num cells:23888128, reverse num cells: 23503472
Sequence length: 100, alignment cost:42, forward num cells:23540134, reverse num cells: 23996899
Sequence length: 100, alignment cost:41, forward num cells:23682101, reverse num cells: 23518095
Sequence length: 100, alignment cost:38, forward num cells:21957105, reverse num cells: 21920643
Sequence length: 100, alignment cost:39, forward num cells:22759876, reverse num cells: 22329261
Sequence length: 100, alignment cost:42, forward num cells:23626989, reverse num cells: 24144499
Sequence length: 100, alignment cost:40, forward num cells:23604103, reverse num cells: 23774933
Sequence length: 100, alignment cost:40, forward num cells:23917962, reverse num cells: 24021029
Sequence length: 100, alignment cost:41, forward num cells:23741308, reverse num cells: 23785793
Sequence length: 100, alignment cost:39, forward num cells:22871230, reverse num cells: 23336805
Sequence length: 100, alignment cost:43, forward num cells:24765951, reverse num cells: 24172237
Sequence length: 100, alignment cost:40, forward num cells:23315541, reverse num cells: 22831379
Sequence length: 100, alignment cost:41, forward num cells:24035887, reverse num cells: 24211769
Sequence length: 100, alignment cost:42, forward num cells:23987379, reverse num cells: 24411707
Sequence length: 100, alignment cost:41, forward num cells:24053302, reverse num cells: 23808464
Sequence length: 100, alignment cost:40, forward num cells:23631846, reverse num cells: 23592067
Sequence length: 100, alignment cost:41, forward num cells:23863595, reverse num cells: 23978902
Sequence length: 100, alignment cost:41, forward num cells:24172947, reverse num cells: 23733737
Sequence length: 100, alignment cost:40, forward num cells:22956343, reverse num cells: 23008573
Sequence length: 100, alignment cost:42, forward num cells:24649391, reverse num cells: 24333371
Sequence length: 100, alignment cost:38, forward num cells:22156415, reverse num cells: 22369084
Sequence length: 100, alignment cost:38, forward num cells:22538121, reverse num cells: 22375900
Sequence length: 100, alignment cost:41, forward num cells:24003793, reverse num cells: 23437870
Sequence length: 100, alignment cost:40, forward num cells:23302289, reverse num cells: 23888053
Sequence length: 100, alignment cost:39, forward num cells:22604214, reverse num cells: 22678927
Sequence length: 100, alignment cost:40, forward num cells:23133071, reverse num cells: 23617192
Sequence length: 100, alignment cost:43, forward num cells:24097949, reverse num cells: 23861771
Sequence length: 100, alignment cost:40, forward num cells:23674059, reverse num cells: 23828795
Sequence length: 100, alignment cost:41, forward num cells:23862385, reverse num cells: 23782598
Sequence length: 100, alignment cost:39, forward num cells:22403572, reverse num cells: 22463606
Sequence length: 100, alignment cost:37, forward num cells:21548634, reverse num cells: 21172581
Sequence length: 100, alignment cost:40, forward num cells:22938227, reverse num cells: 22816300
Sequence length: 100, alignment cost:41, forward num cells:24129989, reverse num cells: 23801747
Sequence length: 100, alignment cost:40, forward num cells:23460245, reverse num cells: 23166149
Sequence length: 100, alignment cost:39, forward num cells:23137632, reverse num cells: 22664894
Sequence length: 100, alignment cost:43, forward num cells:24087988, reverse num cells: 24400942
Sequence length: 100, alignment cost:41, forward num cells:23759412, reverse num cells: 23105176
Sequence length: 100, alignment cost:40, forward num cells:23684239, reverse num cells: 23514473
Sequence length: 100, alignment cost:40, forward num cells:23674143, reverse num cells: 23731253
Sequence length: 100, alignment cost:41, forward num cells:24246350, reverse num cells: 24153790
Sequence length: 100, alignment cost:42, forward num cells:24459097, reverse num cells: 24981013
Sequence length: 100, alignment cost:41, forward num cells:23413197, reverse num cells: 23688161
Sequence length: 100, alignment cost:39, forward num cells:23540038, reverse num cells: 23476532
Sequence length: 100, alignment cost:39, forward num cells:23011914, reverse num cells: 23286402
Sequence length: 100, alignment cost:41, forward num cells:23487189, reverse num cells: 23475964
Sequence length: 100, alignment cost:41, forward num cells:23908672, reverse num cells: 23366221
Sequence length: 100, alignment cost:40, forward num cells:23564011, reverse num cells: 23522714
Sequence length: 100, alignment cost:41, forward num cells:24457408, reverse num cells: 24415265
Sequence length: 100, alignment cost:41, forward num cells:23382833, reverse num cells: 23619907
Sequence length: 100, alignment cost:42, forward num cells:23952125, reverse num cells: 24312418
Sequence length: 100, alignment cost:42, forward num cells:23841322, reverse num cells: 23828919
Sequence length: 100, alignment cost:41, forward num cells:23646815, reverse num cells: 23748793
Sequence length: 100, alignment cost:40, forward num cells:23706605, reverse num cells: 23587458
Sequence length: 100, alignment cost:40, forward num cells:23973642, reverse num cells: 24070268
Sequence length: 100, alignment cost:42, forward num cells:24179395, reverse num cells: 23679790
Sequence length: 100, alignment cost:40, forward num cells:23717082, reverse num cells: 23153454
Sequence length: 100, alignment cost:40, forward num cells:23282546, reverse num cells: 23583235
Sequence length: 100, alignment cost:40, forward num cells:23612334, reverse num cells: 23586547
Sequence length: 100, alignment cost:39, forward num cells:22729494, reverse num cells: 22607762
Sequence length: 100, alignment cost:40, forward num cells:23542428, reverse num cells: 23565494
Sequence length: 100, alignment cost:42, forward num cells:23235200, reverse num cells: 23618362
Sequence length: 100, alignment cost:41, forward num cells:23621672, reverse num cells: 23855019
Sequence length: 100, alignment cost:38, forward num cells:22401741, reverse num cells: 22348832
Sequence length: 100, alignment cost:40, forward num cells:23971345, reverse num cells: 23990407
Sequence length: 100, alignment cost:40, forward num cells:23078560, reverse num cells: 22799792
Sequence length: 100, alignment cost:40, forward num cells:23025491, reverse num cells: 22961389
Sequence length: 100, alignment cost:41, forward num cells:23889179, reverse num cells: 24496578
Sequence length: 100, alignment cost:39, forward num cells:23286546, reverse num cells: 23497391
Sequence length: 100, alignment cost:39, forward num cells:22406010, reverse num cells: 22545221
Sequence length: 100, alignment cost:42, forward num cells:24147651, reverse num cells: 24008918
Sequence length: 100, alignment cost:41, forward num cells:24466697, reverse num cells: 23694072
Sequence length: 100, alignment cost:40, forward num cells:23384202, reverse num cells: 23394701
Sequence length: 100, alignment cost:39, forward num cells:22732482, reverse num cells: 22406029
Sequence length: 100, alignment cost:41, forward num cells:23925514, reverse num cells: 24118946
Sequence length: 100, alignment cost:41, forward num cells:23711015, reverse num cells: 23273228
Sequence length: 100, alignment cost:39, forward num cells:23345188, reverse num cells: 23259061
Sequence length: 100, alignment cost:40, forward num cells:23903295, reverse num cells: 23835833
Sequence length: 100, alignment cost:40, forward num cells:22924486, reverse num cells: 22688909
Sequence length: 100, alignment cost:40, forward num cells:22743217, reverse num cells: 23317168
Sequence length: 100, alignment cost:40, forward num cells:23875437, reverse num cells: 23773003
Sequence length: 100, alignment cost:41, forward num cells:24182142, reverse num cells: 24390346
Sequence length: 100, alignment cost:41, forward num cells:23951476, reverse num cells: 23876260
Sequence length: 100, alignment cost:38, forward num cells:22692000, reverse num cells: 22834590
Sequence length: 100, alignment cost:39, forward num cells:22958161, reverse num cells: 22976936
Sequence length: 100, alignment cost:41, forward num cells:24223457, reverse num cells: 24193368
Sequence length: 100, alignment cost:39, forward num cells:22892402, reverse num cells: 23033993
Sequence length: 100, alignment cost:41, forward num cells:24172718, reverse num cells: 23937641
Sequence length: 100, alignment cost:42, forward num cells:24020178, reverse num cells: 23926942
Sequence length: 100, alignment cost:42, forward num cells:24016311, reverse num cells: 23977947
Sequence length: 100, alignment cost:41, forward num cells:23490957, reverse num cells: 23483421
Sequence length: 100, alignment cost:41, forward num cells:23664840, reverse num cells: 23803892
Sequence length: 100, alignment cost:42, forward num cells:24428005, reverse num cells: 24158915
Sequence length: 100, alignment cost:41, forward num cells:24281324, reverse num cells: 24206661
Sequence length: 100, alignment cost:41, forward num cells:24115189, reverse num cells: 23686926
Sequence length: 100, alignment cost:40, forward num cells:23095095, reverse num cells: 22788019
Sequence length: 100, alignment cost:40, forward num cells:23861452, reverse num cells: 23429549
Sequence length: 100, alignment cost:38, forward num cells:22751885, reverse num cells: 22293391
Sequence length: 100, alignment cost:41, forward num cells:23642672, reverse num cells: 23668085
Sequence length: 100, alignment cost:41, forward num cells:23608686, reverse num cells: 24086127
Sequence length: 100, alignment cost:41, forward num cells:24213018, reverse num cells: 24197754
Sequence length: 100, alignment cost:41, forward num cells:24162288, reverse num cells: 23778187
Sequence length: 100, alignment cost:40, forward num cells:23297141, reverse num cells: 23028884
Sequence length: 100, alignment cost:39, forward num cells:23006458, reverse num cells: 22983071
Sequence length: 100, alignment cost:41, forward num cells:24225393, reverse num cells: 24430254
Sequence length: 100, alignment cost:41, forward num cells:24430049, reverse num cells: 24272920
Sequence length: 100, alignment cost:39, forward num cells:22777939, reverse num cells: 22383874
Sequence length: 100, alignment cost:39, forward num cells:22550800, reverse num cells: 22910992
Sequence length: 100, alignment cost:41, forward num cells:24076929, reverse num cells: 23438850
Sequence length: 100, alignment cost:43, forward num cells:23777007, reverse num cells: 24175789
Sequence length: 100, alignment cost:40, forward num cells:23483187, reverse num cells: 23327158
Sequence length: 100, alignment cost:39, forward num cells:22738036, reverse num cells: 22365367
Sequence length: 100, alignment cost:39, forward num cells:21979014, reverse num cells: 22551311
Sequence length: 100, alignment cost:41, forward num cells:23732635, reverse num cells: 23473703
Sequence length: 100, alignment cost:40, forward num cells:23581127, reverse num cells: 23639658
Sequence length: 100, alignment cost:41, forward num cells:23076529, reverse num cells: 23042794
Sequence length: 100, alignment cost:42, forward num cells:24640781, reverse num cells: 24670834
Sequence length: 100, alignment cost:40, forward num cells:24193216, reverse num cells: 24487633
Sequence length: 100, alignment cost:43, forward num cells:24486764, reverse num cells: 24700376
Sequence length: 100, alignment cost:39, forward num cells:22767651, reverse num cells: 22976690
Sequence length: 100, alignment cost:39, forward num cells:23313176, reverse num cells: 22773005
Sequence length: 100, alignment cost:40, forward num cells:23834549, reverse num cells: 24404290
Sequence length: 100, alignment cost:41, forward num cells:23466180, reverse num cells: 23908124
Sequence length: 100, alignment cost:41, forward num cells:23460787, reverse num cells: 23649134
Sequence length: 100, alignment cost:41, forward num cells:23936842, reverse num cells: 24301100
Sequence length: 100, alignment cost:41, forward num cells:23653705, reverse num cells: 23727776
Sequence length: 100, alignment cost:42, forward num cells:24202538, reverse num cells: 24308610
Sequence length: 100, alignment cost:40, forward num cells:22825109, reverse num cells: 22406122
Sequence length: 100, alignment cost:41, forward num cells:24272150, reverse num cells: 24096190
Sequence length: 100, alignment cost:40, forward num cells:23798415, reverse num cells: 23765077
Sequence length: 100, alignment cost:41, forward num cells:23815912, reverse num cells: 23749865
Sequence length: 100, alignment cost:42, forward num cells:24425107, reverse num cells: 24459615
Sequence length: 100, alignment cost:40, forward num cells:23824523, reverse num cells: 23774240
Sequence length: 100, alignment cost:41, forward num cells:23688667, reverse num cells: 23818716
Sequence length: 100, alignment cost:40, forward num cells:22502455, reverse num cells: 22493371
Sequence length: 100, alignment cost:39, forward num cells:22727074, reverse num cells: 22455857
Sequence length: 100, alignment cost:39, forward num cells:22970269, reverse num cells: 22827406
Sequence length: 100, alignment cost:41, forward num cells:23321586, reverse num cells: 23332926
Sequence length: 100, alignment cost:39, forward num cells:23418495, reverse num cells: 23092879
Sequence length: 100, alignment cost:41, forward num cells:24284027, reverse num cells: 24129884
Sequence length: 100, alignment cost:42, forward num cells:23704266, reverse num cells: 23712679
Sequence length: 100, alignment cost:41, forward num cells:24292913, reverse num cells: 24087646
Sequence length: 100, alignment cost:41, forward num cells:24347728, reverse num cells: 24789626
Sequence length: 100, alignment cost:41, forward num cells:24248485, reverse num cells: 24269291
Sequence length: 100, alignment cost:42, forward num cells:23828376, reverse num cells: 23739185
Sequence length: 100, alignment cost:40, forward num cells:23668916, reverse num cells: 23556994
Sequence length: 100, alignment cost:41, forward num cells:23483491, reverse num cells: 23504383
Sequence length: 100, alignment cost:40, forward num cells:23176644, reverse num cells: 22715898
Sequence length: 100, alignment cost:40, forward num cells:23199991, reverse num cells: 23471722
Sequence length: 100, alignment cost:41, forward num cells:23978854, reverse num cells: 23912351
Sequence length: 100, alignment cost:40, forward num cells:22951236, reverse num cells: 23042719
Sequence length: 100, alignment cost:39, forward num cells:22314731, reverse num cells: 22916243
Sequence length: 100, alignment cost:41, forward num cells:23935272, reverse num cells: 24191157
Sequence length: 100, alignment cost:41, forward num cells:24825343, reverse num cells: 24700746
Sequence length: 100, alignment cost:40, forward num cells:24337845, reverse num cells: 24225661
Sequence length: 100, alignment cost:41, forward num cells:24104766, reverse num cells: 23365628
Sequence length: 100, alignment cost:41, forward num cells:24339424, reverse num cells: 24019420
Sequence length: 100, alignment cost:41, forward num cells:24291760, reverse num cells: 24255652
Sequence length: 100, alignment cost:42, forward num cells:24057643, reverse num cells: 24436384
Sequence length: 100, alignment cost:39, forward num cells:22457035, reverse num cells: 22751522
Sequence length: 100, alignment cost:41, forward num cells:23755401, reverse num cells: 23474795
Sequence length: 100, alignment cost:40, forward num cells:23829103, reverse num cells: 23528532
Sequence length: 100, alignment cost:39, forward num cells:23216727, reverse num cells: 23382022
Sequence length: 100, alignment cost:40, forward num cells:23353341, reverse num cells: 23757967
Sequence length: 100, alignment cost:42, forward num cells:24542026, reverse num cells: 24576728
Sequence length: 100, alignment cost:41, forward num cells:23948505, reverse num cells: 24383813
Sequence length: 100, alignment cost:41, forward num cells:24079806, reverse num cells: 23876857
Sequence length: 100, alignment cost:39, forward num cells:22786504, reverse num cells: 22320105
Sequence length: 100, alignment cost:41, forward num cells:24054358, reverse num cells: 24007645
Sequence length: 100, alignment cost:41, forward num cells:24157071, reverse num cells: 24634501
Sequence length: 100, alignment cost:40, forward num cells:23941660, reverse num cells: 23348903
Sequence length: 100, alignment cost:43, forward num cells:24559370, reverse num cells: 24075166
Sequence length: 100, alignment cost:41, forward num cells:24294245, reverse num cells: 24468299
Sequence length: 100, alignment cost:40, forward num cells:23430073, reverse num cells: 23554623
Sequence length: 100, alignment cost:41, forward num cells:23540266, reverse num cells: 24003875
Sequence length: 100, alignment cost:41, forward num cells:23836990, reverse num cells: 23920311
Sequence length: 100, alignment cost:41, forward num cells:24352281, reverse num cells: 24009353
Sequence length: 100, alignment cost:41, forward num cells:23329295, reverse num cells: 23075296
Sequence length: 100, alignment cost:38, forward num cells:22436659, reverse num cells: 22159184
Sequence length: 100, alignment cost:41, forward num cells:22994570, reverse num cells: 23446449
Sequence length: 100, alignment cost:42, forward num cells:24179221, reverse num cells: 24309393
Sequence length: 100, alignment cost:39, forward num cells:23188217, reverse num cells: 23023125
Sequence length: 100, alignment cost:42, forward num cells:24768567, reverse num cells: 24705873
Sequence length: 100, alignment cost:41, forward num cells:23983195, reverse num cells: 23687983
Sequence length: 100, alignment cost:39, forward num cells:22579604, reverse num cells: 22629327
Sequence length: 100, alignment cost:40, forward num cells:23417689, reverse num cells: 23221897
Sequence length: 100, alignment cost:40, forward num cells:23857913, reverse num cells: 23989819
Sequence length: 100, alignment cost:41, forward num cells:23542362, reverse num cells: 23252501
Sequence length: 100, alignment cost:41, forward num cells:23418559, reverse num cells: 23761523
Sequence length: 100, alignment cost:40, forward num cells:23666255, reverse num cells: 23261731
Sequence length: 100, alignment cost:39, forward num cells:22703043, reverse num cells: 22747657
Sequence length: 100, alignment cost:41, forward num cells:24027108, reverse num cells: 23787680
Sequence length: 100, alignment cost:41, forward num cells:24540082, reverse num cells: 24340626
Sequence length: 100, alignment cost:40, forward num cells:23912040, reverse num cells: 24038921
Sequence length: 100, alignment cost:40, forward num cells:22963330, reverse num cells: 23495332
Sequence length: 100, alignment cost:42, forward num cells:24157001, reverse num cells: 24378724
Sequence length: 100, alignment cost:41, forward num cells:23581718, reverse num cells: 23325207
Sequence length: 100, alignment cost:40, forward num cells:23433234, reverse num cells: 23574846
Sequence length: 100, alignment cost:41, forward num cells:24306240, reverse num cells: 24036851
Sequence length: 100, alignment cost:41, forward num cells:24517012, reverse num cells: 24064110
Sequence length: 100, alignment cost:41, forward num cells:23903190, reverse num cells: 23737249
Sequence length: 100, alignment cost:39, forward num cells:23026559, reverse num cells: 22572544
Sequence length: 100, alignment cost:40, forward num cells:22785332, reverse num cells: 23354896
Sequence length: 100, alignment cost:42, forward num cells:24202906, reverse num cells: 23831467
Sequence length: 100, alignment cost:39, forward num cells:22995352, reverse num cells: 22706829
Sequence length: 100, alignment cost:41, forward num cells:23766162, reverse num cells: 23628030
Sequence length: 100, alignment cost:41, forward num cells:23736970, reverse num cells: 23636032
Sequence length: 100, alignment cost:41, forward num cells:24036631, reverse num cells: 23391521
Sequence length: 100, alignment cost:38, forward num cells:22104944, reverse num cells: 21811953
Sequence length: 100, alignment cost:41, forward num cells:24162078, reverse num cells: 23329052
Sequence length: 100, alignment cost:42, forward num cells:24558119, reverse num cells: 24397034
Sequence length: 100, alignment cost:41, forward num cells:24189254, reverse num cells: 23863337
Sequence length: 100, alignment cost:41, forward num cells:23981136, reverse num cells: 23876042
Sequence length: 100, alignment cost:39, forward num cells:22004287, reverse num cells: 22872520
Sequence length: 100, alignment cost:40, forward num cells:23700077, reverse num cells: 23754548
Sequence length: 100, alignment cost:41, forward num cells:23862207, reverse num cells: 23859296
Sequence length: 100, alignment cost:40, forward num cells:23247705, reverse num cells: 23448315
Sequence length: 100, alignment cost:39, forward num cells:22667985, reverse num cells: 22492833
Sequence length: 100, alignment cost:40, forward num cells:23038956, reverse num cells: 23197321
Sequence length: 100, alignment cost:40, forward num cells:23772041, reverse num cells: 24064600
Sequence length: 100, alignment cost:40, forward num cells:23287197, reverse num cells: 23419837
Sequence length: 100, alignment cost:41, forward num cells:24022338, reverse num cells: 23846768
Sequence length: 100, alignment cost:39, forward num cells:23333339, reverse num cells: 23620683
Sequence length: 100, alignment cost:41, forward num cells:23687323, reverse num cells: 23597868
Sequence length: 100, alignment cost:41, forward num cells:24059380, reverse num cells: 24291279
Sequence length: 100, alignment cost:41, forward num cells:23877038, reverse num cells: 23390523
Sequence length: 100, alignment cost:40, forward num cells:23488199, reverse num cells: 23848439
Sequence length: 100, alignment cost:42, forward num cells:24390953, reverse num cells: 24299436
Sequence length: 100, alignment cost:41, forward num cells:23871422, reverse num cells: 23810904
Sequence length: 100, alignment cost:41, forward num cells:23456538, reverse num cells: 24140689
Sequence length: 100, alignment cost:42, forward num cells:23952304, reverse num cells: 23639268
Sequence length: 100, alignment cost:41, forward num cells:24443705, reverse num cells: 24415164
Sequence length: 100, alignment cost:40, forward num cells:23086872, reverse num cells: 23302719
Sequence length: 100, alignment cost:41, forward num cells:23806502, reverse num cells: 23760221
Sequence length: 100, alignment cost:41, forward num cells:23867666, reverse num cells: 23984672
Sequence length: 100, alignment cost:39, forward num cells:21997505, reverse num cells: 22452814
Sequence length: 100, alignment cost:40, forward num cells:23833744, reverse num cells: 23695425
Sequence length: 100, alignment cost:42, forward num cells:23854866, reverse num cells: 24002104
Sequence length: 100, alignment cost:40, forward num cells:23360965, reverse num cells: 23338544
Sequence length: 100, alignment cost:40, forward num cells:22932017, reverse num cells: 23432869
Sequence length: 100, alignment cost:43, forward num cells:24713659, reverse num cells: 23960928
Sequence length: 100, alignment cost:40, forward num cells:23509864, reverse num cells: 23404866
Sequence length: 100, alignment cost:41, forward num cells:24070308, reverse num cells: 23782857
Sequence length: 100, alignment cost:39, forward num cells:23323365, reverse num cells: 23224492
Sequence length: 100, alignment cost:39, forward num cells:23252600, reverse num cells: 22959204
Sequence length: 100, alignment cost:39, forward num cells:23142775, reverse num cells: 23070871
Sequence length: 100, alignment cost:41, forward num cells:24068940, reverse num cells: 24116102
Sequence length: 100, alignment cost:42, forward num cells:24332323, reverse num cells: 23943363
Sequence length: 100, alignment cost:40, forward num cells:23136171, reverse num cells: 23836778
Sequence length: 100, alignment cost:40, forward num cells:23724300, reverse num cells: 23223382
Sequence length: 100, alignment cost:42, forward num cells:24004773, reverse num cells: 24499667
Sequence length: 100, alignment cost:40, forward num cells:22871606, reverse num cells: 23325379
Sequence length: 100, alignment cost:40, forward num cells:23515222, reverse num cells: 23759248
Sequence length: 100, alignment cost:42, forward num cells:24440598, reverse num cells: 24757317
Sequence length: 100, alignment cost:40, forward num cells:23755256, reverse num cells: 23766075
Sequence length: 100, alignment cost:40, forward num cells:22779346, reverse num cells: 22651360
Sequence length: 100, alignment cost:40, forward num cells:23356005, reverse num cells: 23006444
Sequence length: 100, alignment cost:42, forward num cells:24287480, reverse num cells: 24477226
Sequence length: 100, alignment cost:42, forward num cells:24345792, reverse num cells: 24206509
Sequence length: 100, alignment cost:41, forward num cells:23588910, reverse num cells: 23545806
Sequence length: 100, alignment cost:39, forward num cells:23062677, reverse num cells: 22913144
Sequence length: 100, alignment cost:42, forward num cells:23585303, reverse num cells: 23949997
Sequence length: 100, alignment cost:42, forward num cells:24293003, reverse num cells: 24153649
Sequence length: 100, alignment cost:40, forward num cells:23037371, reverse num cells: 22810281
Sequence length: 100, alignment cost:41, forward num cells:23554071, reverse num cells: 24582728
Sequence length: 100, alignment cost:39, forward num cells:22697857, reverse num cells: 22941219
Sequence length: 100, alignment cost:41, forward num cells:23178835, reverse num cells: 23992512
Sequence length: 100, alignment cost:39, forward num cells:23311273, reverse num cells: 23102054
Sequence length: 100, alignment cost:40, forward num cells:23162581, reverse num cells: 23143681
Sequence length: 100, alignment cost:41, forward num cells:23543619, reverse num cells: 23913814
Sequence length: 100, alignment cost:42, forward num cells:24525943, reverse num cells: 24289510
Sequence length: 100, alignment cost:41, forward num cells:23485025, reverse num cells: 23540131
Sequence length: 100, alignment cost:42, forward num cells:24579803, reverse num cells: 24255070
Sequence length: 100, alignment cost:40, forward num cells:22325276, reverse num cells: 22231556
Sequence length: 100, alignment cost:41, forward num cells:23940030, reverse num cells: 23993339
Sequence length: 100, alignment cost:42, forward num cells:23979702, reverse num cells: 23898928
Sequence length: 100, alignment cost:40, forward num cells:23170819, reverse num cells: 23737035
Sequence length: 100, alignment cost:40, forward num cells:23113747, reverse num cells: 23108850
Sequence length: 100, alignment cost:41, forward num cells:23471331, reverse num cells: 23020563
Sequence length: 100, alignment cost:40, forward num cells:22932619, reverse num cells: 22892140
Sequence length: 100, alignment cost:40, forward num cells:23647197, reverse num cells: 23631137
Sequence length: 100, alignment cost:39, forward num cells:23605164, reverse num cells: 23270183
Sequence length: 100, alignment cost:40, forward num cells:23255455, reverse num cells: 23556496
Sequence length: 100, alignment cost:42, forward num cells:23911125, reverse num cells: 24113145
Sequence length: 100, alignment cost:41, forward num cells:23846108, reverse num cells: 24134129
Sequence length: 100, alignment cost:42, forward num cells:24045741, reverse num cells: 23787033
Sequence length: 100, alignment cost:38, forward num cells:22735008, reverse num cells: 22643180
Sequence length: 100, alignment cost:40, forward num cells:22846486, reverse num cells: 22863232
Sequence length: 100, alignment cost:41, forward num cells:24069151, reverse num cells: 23751503
Sequence length: 100, alignment cost:41, forward num cells:23209667, reverse num cells: 23275956
Sequence length: 100, alignment cost:41, forward num cells:24171818, reverse num cells: 23983980
Sequence length: 100, alignment cost:42, forward num cells:24050126, reverse num cells: 24399305
Sequence length: 100, alignment cost:40, forward num cells:23689119, reverse num cells: 23525653
Sequence length: 100, alignment cost:40, forward num cells:24048397, reverse num cells: 24080045
Sequence length: 100, alignment cost:39, forward num cells:23334636, reverse num cells: 22530966
Sequence length: 100, alignment cost:42, forward num cells:24291506, reverse num cells: 24002401
Sequence length: 100, alignment cost:40, forward num cells:23773437, reverse num cells: 23098203
Sequence length: 100, alignment cost:41, forward num cells:23754307, reverse num cells: 23806777
Sequence length: 100, alignment cost:40, forward num cells:23535155, reverse num cells: 23467347
Sequence length: 100, alignment cost:41, forward num cells:24064718, reverse num cells: 24094155
Sequence length: 100, alignment cost:41, forward num cells:24493030, reverse num cells: 23975959
Sequence length: 100, alignment cost:40, forward num cells:23070270, reverse num cells: 22805540
Sequence length: 100, alignment cost:39, forward num cells:22201912, reverse num cells: 22140256
Sequence length: 100, alignment cost:40, forward num cells:23033292, reverse num cells: 22905327
Sequence length: 100, alignment cost:41, forward num cells:23584268, reverse num cells: 23377080
Sequence length: 100, alignment cost:42, forward num cells:24477564, reverse num cells: 24414065
Sequence length: 100, alignment cost:42, forward num cells:24094790, reverse num cells: 24512889
Sequence length: 100, alignment cost:41, forward num cells:22872969, reverse num cells: 23223332
Sequence length: 100, alignment cost:40, forward num cells:22771293, reverse num cells: 22723066
Sequence length: 100, alignment cost:40, forward num cells:23846133, reverse num cells: 24064863
Sequence length: 100, alignment cost:40, forward num cells:22752473, reverse num cells: 22490842
Sequence length: 100, alignment cost:42, forward num cells:24878795, reverse num cells: 24682278
Sequence length: 100, alignment cost:39, forward num cells:23525456, reverse num cells: 22977838
Sequence length: 100, alignment cost:42, forward num cells:24375542, reverse num cells: 24107641
Sequence length: 100, alignment cost:42, forward num cells:23757042, reverse num cells: 23457665
Sequence length: 100, alignment cost:40, forward num cells:23075090, reverse num cells: 23524948
Sequence length: 100, alignment cost:38, forward num cells:22455628, reverse num cells: 22803362
Sequence length: 100, alignment cost:42, forward num cells:24193136, reverse num cells: 24135102
Sequence length: 100, alignment cost:41, forward num cells:23715628, reverse num cells: 24179072
Sequence length: 100, alignment cost:41, forward num cells:24225195, reverse num cells: 23797685
Sequence length: 100, alignment cost:42, forward num cells:24292821, reverse num cells: 24372946
Sequence length: 100, alignment cost:39, forward num cells:23250310, reverse num cells: 23127799
Sequence length: 100, alignment cost:42, forward num cells:24824921, reverse num cells: 24299044
Sequence length: 100, alignment cost:41, forward num cells:24070067, reverse num cells: 24219267
Sequence length: 100, alignment cost:39, forward num cells:23245345, reverse num cells: 23308232
Sequence length: 100, alignment cost:41, forward num cells:23360064, reverse num cells: 23481524
Sequence length: 100, alignment cost:42, forward num cells:24472858, reverse num cells: 24029302
Sequence length: 100, alignment cost:39, forward num cells:23286163, reverse num cells: 23072340
Sequence length: 100, alignment cost:41, forward num cells:23230639, reverse num cells: 23726931
Sequence length: 100, alignment cost:38, forward num cells:21741740, reverse num cells: 21990935
Sequence length: 100, alignment cost:42, forward num cells:24017522, reverse num cells: 24428525
Sequence length: 100, alignment cost:42, forward num cells:24142767, reverse num cells: 24487006
Sequence length: 100, alignment cost:41, forward num cells:23301024, reverse num cells: 23504466
Sequence length: 100, alignment cost:39, forward num cells:22379017, reverse num cells: 22445482
Sequence length: 100, alignment cost:39, forward num cells:23365559, reverse num cells: 23474047
Sequence length: 100, alignment cost:41, forward num cells:23520027, reverse num cells: 23903131
Sequence length: 100, alignment cost:40, forward num cells:23155198, reverse num cells: 23214937
Sequence length: 100, alignment cost:41, forward num cells:23541250, reverse num cells: 23141852
Sequence length: 100, alignment cost:39, forward num cells:21882064, reverse num cells: 22162777
Sequence length: 100, alignment cost:42, forward num cells:24252714, reverse num cells: 24166975
Sequence length: 100, alignment cost:41, forward num cells:24308315, reverse num cells: 24326849
Sequence length: 100, alignment cost:36, forward num cells:21511297, reverse num cells: 21599740
Sequence length: 100, alignment cost:38, forward num cells:22903095, reverse num cells: 22567988
Sequence length: 100, alignment cost:40, forward num cells:23349496, reverse num cells: 23107462
Sequence length: 100, alignment cost:41, forward num cells:23531001, reverse num cells: 24352275
Sequence length: 100, alignment cost:41, forward num cells:23603762, reverse num cells: 24050730
Sequence length: 100, alignment cost:40, forward num cells:23538092, reverse num cells: 23518377
Sequence length: 100, alignment cost:41, forward num cells:23449559, reverse num cells: 23406506
Sequence length: 100, alignment cost:42, forward num cells:24151983, reverse num cells: 23894845
Sequence length: 100, alignment cost:41, forward num cells:23203982, reverse num cells: 23373842
Sequence length: 100, alignment cost:40, forward num cells:23590428, reverse num cells: 23495037
Sequence length: 100, alignment cost:40, forward num cells:23475615, reverse num cells: 23755528
Sequence length: 100, alignment cost:42, forward num cells:24301528, reverse num cells: 24083593
Sequence length: 100, alignment cost:40, forward num cells:24212770, reverse num cells: 23502756
Sequence length: 100, alignment cost:41, forward num cells:24254227, reverse num cells: 24253812
Sequence length: 100, alignment cost:40, forward num cells:23752958, reverse num cells: 23827609
Sequence length: 100, alignment cost:40, forward num cells:23853275, reverse num cells: 23897313
Sequence length: 100, alignment cost:41, forward num cells:23703923, reverse num cells: 24008789
Sequence length: 100, alignment cost:42, forward num cells:23864379, reverse num cells: 23849541
Sequence length: 100, alignment cost:38, forward num cells:21879321, reverse num cells: 21609640
Sequence length: 100, alignment cost:41, forward num cells:23970232, reverse num cells: 23968278
Sequence length: 100, alignment cost:40, forward num cells:22598054, reverse num cells: 23165646
Sequence length: 100, alignment cost:39, forward num cells:23410323, reverse num cells: 23468594
Sequence length: 100, alignment cost:40, forward num cells:23711218, reverse num cells: 23499066
Sequence length: 100, alignment cost:40, forward num cells:24131719, reverse num cells: 23901626
Sequence length: 100, alignment cost:42, forward num cells:23941448, reverse num cells: 24023264
Sequence length: 100, alignment cost:41, forward num cells:24334335, reverse num cells: 24084903
Sequence length: 100, alignment cost:41, forward num cells:24107759, reverse num cells: 24327319
Sequence length: 100, alignment cost:41, forward num cells:24619255, reverse num cells: 24045725
Sequence length: 100, alignment cost:41, forward num cells:24378675, reverse num cells: 24158399
Sequence length: 100, alignment cost:42, forward num cells:24239698, reverse num cells: 24186685
Sequence length: 100, alignment cost:40, forward num cells:22792523, reverse num cells: 22853807
Sequence length: 100, alignment cost:42, forward num cells:23353340, reverse num cells: 23846497
Sequence length: 100, alignment cost:43, forward num cells:24447858, reverse num cells: 24229811
Sequence length: 100, alignment cost:42, forward num cells:23650746, reverse num cells: 23584034
Sequence length: 100, alignment cost:40, forward num cells:23413106, reverse num cells: 23008938
Sequence length: 100, alignment cost:41, forward num cells:23909568, reverse num cells: 23842440
Sequence length: 100, alignment cost:41, forward num cells:23458446, reverse num cells: 23293984
Sequence length: 100, alignment cost:41, forward num cells:23916408, reverse num cells: 23765717
Sequence length: 100, alignment cost:41, forward num cells:23772602, reverse num cells: 23939370
Sequence length: 100, alignment cost:38, forward num cells:22513734, reverse num cells: 22380555
Sequence length: 100, alignment cost:41, forward num cells:23495793, reverse num cells: 22848508
Sequence length: 100, alignment cost:42, forward num cells:23935189, reverse num cells: 23930483
Sequence length: 100, alignment cost:41, forward num cells:24326987, reverse num cells: 24289220
Sequence length: 100, alignment cost:42, forward num cells:24238011, reverse num cells: 24301090
Sequence length: 100, alignment cost:39, forward num cells:23060865, reverse num cells: 23030089
Sequence length: 100, alignment cost:40, forward num cells:23708297, reverse num cells: 23431136
Sequence length: 100, alignment cost:40, forward num cells:22643482, reverse num cells: 22951642
Sequence length: 100, alignment cost:42, forward num cells:24252808, reverse num cells: 24232079
Sequence length: 100, alignment cost:42, forward num cells:24483824, reverse num cells: 24490966
Sequence length: 100, alignment cost:42, forward num cells:24610556, reverse num cells: 24455806
Sequence length: 100, alignment cost:41, forward num cells:23398503, reverse num cells: 23104957
Sequence length: 100, alignment cost:40, forward num cells:23461365, reverse num cells: 23660400
Sequence length: 100, alignment cost:41, forward num cells:23710921, reverse num cells: 23520493
Sequence length: 100, alignment cost:41, forward num cells:24163303, reverse num cells: 24290887
Sequence length: 100, alignment cost:41, forward num cells:23983241, reverse num cells: 23602432
Sequence length: 100, alignment cost:38, forward num cells:22871693, reverse num cells: 22728283
Sequence length: 100, alignment cost:40, forward num cells:24024542, reverse num cells: 23731677
Sequence length: 100, alignment cost:40, forward num cells:23229148, reverse num cells: 23236350
Sequence length: 100, alignment cost:39, forward num cells:22342828, reverse num cells: 22822167
Sequence length: 100, alignment cost:41, forward num cells:24453744, reverse num cells: 24574964
Sequence length: 100, alignment cost:41, forward num cells:23843070, reverse num cells: 24245977
Sequence length: 100, alignment cost:40, forward num cells:23743483, reverse num cells: 23811971
Sequence length: 100, alignment cost:40, forward num cells:23291026, reverse num cells: 23342893
Sequence length: 100, alignment cost:40, forward num cells:23377929, reverse num cells: 23109088
Sequence length: 100, alignment cost:42, forward num cells:24303408, reverse num cells: 24120564
Sequence length: 100, alignment cost:40, forward num cells:23016219, reverse num cells: 23309111
Sequence length: 100, alignment cost:40, forward num cells:23354345, reverse num cells: 23467277
Sequence length: 100, alignment cost:41, forward num cells:23667890, reverse num cells: 23387334
Sequence length: 100, alignment cost:41, forward num cells:23372117, reverse num cells: 22810937
Sequence length: 100, alignment cost:41, forward num cells:23092235, reverse num cells: 23153448
Sequence length: 100, alignment cost:41, forward num cells:23856373, reverse num cells: 24025835
Sequence length: 100, alignment cost:39, forward num cells:22438282, reverse num cells: 22333635
Sequence length: 100, alignment cost:40, forward num cells:23883379, reverse num cells: 23346678
Sequence length: 100, alignment cost:38, forward num cells:22118765, reverse num cells: 22043716
Sequence length: 100, alignment cost:41, forward num cells:23741792, reverse num cells: 23574165
Sequence length: 100, alignment cost:40, forward num cells:22139655, reverse num cells: 21699689
Sequence length: 100, alignment cost:41, forward num cells:24076479, reverse num cells: 24101019
Sequence length: 100, alignment cost:39, forward num cells:22528246, reverse num cells: 22358025
Sequence length: 100, alignment cost:40, forward num cells:22725954, reverse num cells: 22703368
Sequence length: 100, alignment cost:42, forward num cells:23662347, reverse num cells: 23914585
Sequence length: 100, alignment cost:41, forward num cells:23796832, reverse num cells: 23236332
Sequence length: 100, alignment cost:40, forward num cells:23564746, reverse num cells: 23946170
Sequence length: 100, alignment cost:41, forward num cells:23276990, reverse num cells: 23392091
Sequence length: 100, alignment cost:42, forward num cells:24199010, reverse num cells: 23852849
Sequence length: 100, alignment cost:42, forward num cells:24386727, reverse num cells: 24487831
Sequence length: 100, alignment cost:41, forward num cells:23865070, reverse num cells: 23667656
Sequence length: 100, alignment cost:41, forward num cells:23442650, reverse num cells: 23863452
Sequence length: 100, alignment cost:40, forward num cells:23530617, reverse num cells: 23423248
Sequence length: 100, alignment cost:42, forward num cells:24690428, reverse num cells: 24696281
Sequence length: 100, alignment cost:41, forward num cells:24081754, reverse num cells: 23743116
Sequence length: 100, alignment cost:39, forward num cells:22902242, reverse num cells: 23428891
Sequence length: 100, alignment cost:37, forward num cells:22422854, reverse num cells: 22207412
Sequence length: 100, alignment cost:40, forward num cells:23753172, reverse num cells: 23687021
Sequence length: 100, alignment cost:42, forward num cells:24114185, reverse num cells: 23794788
Sequence length: 100, alignment cost:39, forward num cells:22933040, reverse num cells: 23004346
Sequence length: 100, alignment cost:41, forward num cells:23633842, reverse num cells: 24044387
Sequence length: 100, alignment cost:41, forward num cells:23955769, reverse num cells: 23949384
Sequence length: 100, alignment cost:42, forward num cells:24274577, reverse num cells: 24154480
Sequence length: 100, alignment cost:41, forward num cells:24018287, reverse num cells: 23824296
Sequence length: 100, alignment cost:41, forward num cells:23533842, reverse num cells: 23556527
Sequence length: 100, alignment cost:43, forward num cells:25108208, reverse num cells: 24723850
Sequence length: 100, alignment cost:41, forward num cells:23505525, reverse num cells: 23272262
Sequence length: 100, alignment cost:40, forward num cells:23115310, reverse num cells: 22692059
Sequence length: 100, alignment cost:40, forward num cells:23119057, reverse num cells: 22865327
Sequence length: 100, alignment cost:39, forward num cells:22575642, reverse num cells: 22811664
Sequence length: 100, alignment cost:41, forward num cells:23869494, reverse num cells: 24056047
Sequence length: 100, alignment cost:42, forward num cells:24578759, reverse num cells: 23862826
Sequence length: 100, alignment cost:41, forward num cells:23826720, reverse num cells: 24241541
Sequence length: 100, alignment cost:39, forward num cells:22687880, reverse num cells: 22519769
Sequence length: 100, alignment cost:40, forward num cells:22798296, reverse num cells: 23137360
Sequence length: 100, alignment cost:40, forward num cells:23458921, reverse num cells: 24007284
Sequence length: 100, alignment cost:41, forward num cells:23698899, reverse num cells: 24077681
Sequence length: 100, alignment cost:40, forward num cells:23442603, reverse num cells: 23236545
Sequence length: 100, alignment cost:40, forward num cells:23454183, reverse num cells: 23237259
Sequence length: 100, alignment cost:40, forward num cells:22300586, reverse num cells: 21859215
Sequence length: 100, alignment cost:39, forward num cells:22987411, reverse num cells: 22741706
Sequence length: 100, alignment cost:41, forward num cells:23920145, reverse num cells: 23795778
Sequence length: 100, alignment cost:41, forward num cells:24472305, reverse num cells: 24032101
Sequence length: 100, alignment cost:42, forward num cells:24899351, reverse num cells: 24949012
Sequence length: 100, alignment cost:40, forward num cells:22974950, reverse num cells: 23412311
