----
Assert() checks:       OFF
        verbose:        1
----
Loading reference graph... Added reverse complement... done in 0.002618s.
Loading queries... done in 0.001753s.
Contructing trie... done in 0.011348s.
Initializing A* heuristic... done in 1.6e-05s.

 == General parameters and optimizations == 
             Alignment algo: astar-seeds
                 Edit costs: 0, 1, 1, 1 (match, subst, ins, del)
              Greedy match?: true
                    Threads: 1

 == A* parameters ==
          seed length: 10 bp
     skip near crumbs: 1

 == Data ==
         Original reference: 18947 nodes, 18947 edges
                       Trie: 5396 nodes, 43302 edges, depth=7
  Reference+ReverseRef+Trie: 43290 nodes, 81196 edges, density: 0
                      Reads: 1202 x 38bp, coverage: 2.42761x
            Avg phred value: 0.00000%

 == Aligning statistics ==
        Explored rate (avg): 5.88908 states/read_bp
         States with crumbs: 0.04833%
            Explored states: 0.03108%
             Skipped states: 99.92058%
     Pushed rate (avg, max): 6.06169, 0.00985    [states/bp] (states normalized by query length)
     Popped rate (avg, max): 0.81354, 0.00136
             Average popped: 23.72213 from trie (92.17689%) vs 2.01331 from ref (per read)
Total cost of aligned reads: 904, 0.75208 per read, 1.96539% per letter
                 Alignments: 1202 unique (100.00000%), 0 ambiguous (0.00000%) and 0 overcost (0.00000%)

 == Heuristic stats (astar-seeds) ==
        For all reads:
                            Seeds: 4208 (3.50083 per read)
                     Seed matches: 4508 (3.75042 per read, 1.07129 per seed)
               States with crumbs: 421226 [+0.00000% repeated], (350.43760 per read)
                  Heuristic (avg): 0.50083 of potential 3.50083

 == Performance ==
    Memory:                    measured | estimated
                   total: 0.00692gb, 100% | -
               reference: 0.00351gb, 50.74462% | 8.16456%
                   reads: 0.00031gb, 4.41258% | 0.80931%
                    trie: 0.00145gb, 21.01489% | 7.28797%
     equiv. classes opt.: 0.00000gb, 0.00000%
          A*-memoization: 0.00050gb, 7.22559

   Total wall runtime:    0.89583s
       reference loading: 0.00262s
         queries loading: 0.00175s
          construct trie: 0.01135s
              precompute: 0.00002s
       align (wall time): 0.87950s = 1366.68250 reads/s = 52.29778 Kbp/s

    Total align cpu time: 0.79983s = 1502.81371 reads/s = 57.50700 Kbp/s
     |          Preprocessing: 10.97217%
     |               A* query: 34.83527%
     |           greedy_match: 5.18296%
     |                  other: 49.00961%
 DONE

