----
Assert() checks:       OFF
        verbose:        1
----
Loading reference graph... Added reverse complement... done in 0.00332s.
Loading queries... done in 0.001758s.
Contructing trie... done in 0.013693s.
Initializing A* heuristic... done in 2.5e-05s.

 == General parameters and optimizations == 
             Alignment algo: astar-seeds
                 Edit costs: 0, 1, 1, 1 (match, subst, ins, del)
              Greedy match?: true
                    Threads: 1

 == A* parameters ==
          seed length: 10 bp
     skip near crumbs: 1

 == Data ==
         Original reference: 18926 nodes, 18924 edges
                       Trie: 5396 nodes, 43232 edges, depth=7
  Reference+ReverseRef+Trie: 43248 nodes, 81080 edges, density: 0
                      Reads: 1202 x 38bp, coverage: 2.43056x
            Avg phred value: 0.00000%

 == Aligning statistics ==
        Explored rate (avg): 5.88908 states/read_bp
         States with crumbs: 0.04839%
            Explored states: 0.03112%
             Skipped states: 99.92050%
     Pushed rate (avg, max): 6.06169, 0.00985    [states/bp] (states normalized by query length)
     Popped rate (avg, max): 0.81354, 0.00136
             Average popped: 23.72213 from trie (92.17689%) vs 2.01331 from ref (per read)
Total cost of aligned reads: 904, 0.75208 per read, 1.96539% per letter
                 Alignments: 1202 unique (100.00000%), 0 ambiguous (0.00000%) and 0 overcost (0.00000%)

 == Heuristic stats (astar-seeds) ==
        For all reads:
                            Seeds: 4208 (3.50083 per read)
                     Seed matches: 4508 (3.75042 per read, 1.07129 per seed)
               States with crumbs: 421226 [+0.00000% repeated], (350.43760 per read)
                  Heuristic (avg): 0.50083 of potential 3.50083

 == Performance ==
    Memory:                    measured | estimated
                   total: 0.00666gb, 100% | -
               reference: 0.00339gb, 50.88825% | 8.47265%
                   reads: 0.00025gb, 3.72493% | 0.84085%
                    trie: 0.00144gb, 21.60458% | 7.56022%
     equiv. classes opt.: 0.00000gb, 0.00000%
          A*-memoization: 0.00050gb, 7.50716

   Total wall runtime:    1.04322s
       reference loading: 0.00332s
         queries loading: 0.00176s
          construct trie: 0.01369s
              precompute: 0.00003s
       align (wall time): 1.02365s = 1174.22509 reads/s = 44.93316 Kbp/s

    Total align cpu time: 0.91100s = 1319.43065 reads/s = 50.48963 Kbp/s
     |          Preprocessing: 11.76017%
     |               A* query: 34.28478%
     |           greedy_match: 5.17092%
     |                  other: 48.78414%
 DONE

